<?xml version="1.0" encoding="utf-8"?><testsuites><testsuite name="pytest" errors="0" failures="0" skipped="0" tests="5" time="0.061" timestamp="2021-02-26T11:53:57.290187" hostname="dlg-air"><testcase classname="tests.test_read" name="test_read__returns_text_file_contents" time="0.005" /><testcase classname="tests.test_read" name="test_read__returns_binary_file_contents" time="0.003" /><testcase classname="tests.test_read" name="test_readchunks" time="0.001" /><testcase classname="tests.test_read" name="test_readlines__yields_each_line_from_text_file" time="0.002" /><testcase classname="tests.test_read" name="test_readlines__yields_each_line_from_binary_file" time="0.004" /></testsuite></testsuites>